[debug] [2021-03-21T01:07:45.306Z] ----------------------------------------------------------------------
[debug] [2021-03-21T01:07:45.308Z] Command:       C:\Program Files\nodejs\node.exe C:\Users\Mariano\AppData\Roaming\npm\node_modules\firebase-tools\lib\bin\firebase.js init
[debug] [2021-03-21T01:07:45.309Z] CLI Version:   9.6.1
[debug] [2021-03-21T01:07:45.309Z] Platform:      win32
[debug] [2021-03-21T01:07:45.309Z] Node Version:  v14.16.0
[debug] [2021-03-21T01:07:45.310Z] Time:          Sat Mar 20 2021 22:07:45 GMT-0300 (hora estándar de Argentina)
[debug] [2021-03-21T01:07:45.310Z] ----------------------------------------------------------------------
[debug] [2021-03-21T01:07:45.310Z] 
[debug] [2021-03-21T01:07:45.316Z] > command requires scopes: ["email","openid","https://www.googleapis.com/auth/cloudplatformprojects.readonly","https://www.googleapis.com/auth/firebase","https://www.googleapis.com/auth/cloud-platform"]
[debug] [2021-03-21T01:07:45.317Z] > authorizing via signed-in user
[info] 
     ######## #### ########  ######## ########     ###     ######  ########
     ##        ##  ##     ## ##       ##     ##  ##   ##  ##       ##
     ######    ##  ########  ######   ########  #########  ######  ######
     ##        ##  ##    ##  ##       ##     ## ##     ##       ## ##
     ##       #### ##     ## ######## ########  ##     ##  ######  ########

You're about to initialize a Firebase project in this directory:

  D:\UTN FRA\2doAño\4toCuatrimestre\LaboratorioIV\sala-de-juegos

[info] 
=== Project Setup
[info] 
[info] First, let's associate this project directory with a Firebase project.
[info] You can create multiple project aliases by running firebase use --add, 
[info] but for now we'll just set up a default project.
[info] 
[debug] [2021-03-21T01:08:25.117Z] >>> [apiv2][query] GET https://firebase.googleapis.com/v1beta1/projects pageSize=100
[debug] [2021-03-21T01:08:26.150Z] <<< [apiv2][status] GET https://firebase.googleapis.com/v1beta1/projects 200
[debug] [2021-03-21T01:08:26.150Z] <<< [apiv2][body] GET https://firebase.googleapis.com/v1beta1/projects [omitted]
[info] i  Using project sala-de-juegos-108050 (sala-de-juegos-108050) 
[info] 
=== Hosting Setup
[info] 
[info] Your public directory is the folder (relative to your project directory) that
[info] will contain Hosting assets to be uploaded with firebase deploy. If you
[info] have a build process for your assets, use your build's output directory.
[info] 
[debug] [2021-03-21T01:09:05.395Z] >>> [apiv2][query] GET https://www.gstatic.com/firebasejs/releases.json [none]
[debug] [2021-03-21T01:09:05.498Z] <<< [apiv2][status] GET https://www.gstatic.com/firebasejs/releases.json 200
[debug] [2021-03-21T01:09:05.499Z] <<< [apiv2][body] GET https://www.gstatic.com/firebasejs/releases.json {"current":{"version":"8.3.1","browserURL":"https://www.gstatic.com/firebasejs/8.3.1/firebase.js","packageURL":"https://www.gstatic.com/firebasejs/8.3.1/firebase.tgz"},"live":{"version":"8.3","browserURL":"https://www.gstatic.com/firebasejs/live/8.3/firebase.js","packageURL":"https://www.gstatic.com/firebasejs/live/8.3/firebase.tgz"},"components":{"analytics":"https://www.gstatic.com/firebasejs/8.3.1/firebase-analytics.js","app":"https://www.gstatic.com/firebasejs/8.3.1/firebase-app.js","auth":"https://www.gstatic.com/firebasejs/8.3.1/firebase-auth.js","database":"https://www.gstatic.com/firebasejs/8.3.1/firebase-database.js","firestore":"https://www.gstatic.com/firebasejs/8.3.1/firebase-firestore.js","functions":"https://www.gstatic.com/firebasejs/8.3.1/firebase-functions.js","installations":"https://www.gstatic.com/firebasejs/8.3.1/firebase-installations.js","messaging":"https://www.gstatic.com/firebasejs/8.3.1/firebase-messaging.js","storage":"https://www.gstatic.com/firebasejs/8.3.1/firebase-storage.js","performance":"https://www.gstatic.com/firebasejs/8.3.1/firebase-performance.js","remote-config":"https://www.gstatic.com/firebasejs/8.3.1/firebase-remote-config.js","firestore.memory":"https://www.gstatic.com/firebasejs/8.3.1/firebase-firestore.memory.js"}}
[info] +  Wrote public/index.html 
[info] 
[info] i  Detected a .git folder at D:\UTN FRA\2doAño\4toCuatrimestre\LaboratorioIV 
[info] i  Authorizing with GitHub to upload your service account to a GitHub repository's secrets store. 
[info] 
[info] Visit this URL on this device to log in:
[info] https://github.com/login/oauth/authorize?client_id=89cf50f02ac6aaed3484&state=914886565&redirect_uri=http%3A%2F%2Flocalhost%3A9005&scope=read%3Auser%20repo%20public_repo
[info] 
[info] Waiting for authentication...
[debug] [2021-03-21T01:09:50.967Z] >>> HTTP REQUEST POST https://github.com/login/oauth/access_token  
 {"client_id":"89cf50f02ac6aaed3484","client_secret":"3330d14abc895d9a74d5f17cd7a00711fa2c5bf0","code":"c447e0f65aa6164f80e7","redirect_uri":"http://localhost:9005","state":"914886565"}
[debug] [2021-03-21T01:09:51.552Z] <<< HTTP RESPONSE 200 {"server":"GitHub.com","date":"Sun, 21 Mar 2021 01:09:50 GMT","content-type":"application/json; charset=utf-8","transfer-encoding":"chunked","vary":"X-PJAX, Accept-Encoding, Accept, X-Requested-With","etag":"W/\"3e598b5af6109c5033bf3bf5c729755e\"","cache-control":"max-age=0, private, must-revalidate","strict-transport-security":"max-age=31536000; includeSubdomains; preload","x-frame-options":"deny","x-content-type-options":"nosniff","x-xss-protection":"0","referrer-policy":"origin-when-cross-origin, strict-origin-when-cross-origin","expect-ct":"max-age=2592000, report-uri=\"https://api.github.com/_private/browser/errors\"","content-security-policy":"default-src 'none'; base-uri 'self'; block-all-mixed-content; connect-src 'self' uploads.github.com www.githubstatus.com collector.githubapp.com api.github.com github-cloud.s3.amazonaws.com github-production-repository-file-5c1aeb.s3.amazonaws.com github-production-upload-manifest-file-7fdce7.s3.amazonaws.com github-production-user-asset-6210df.s3.amazonaws.com cdn.optimizely.com logx.optimizely.com/v1/events wss://alive.github.com; font-src github.githubassets.com; form-action 'self' github.com gist.github.com; frame-ancestors 'none'; frame-src render.githubusercontent.com; img-src 'self' data: github.githubassets.com identicons.github.com collector.githubapp.com github-cloud.s3.amazonaws.com secured-user-images.githubusercontent.com/ *.githubusercontent.com; manifest-src 'self'; media-src 'none'; script-src github.githubassets.com; style-src 'unsafe-inline' github.githubassets.com; worker-src github.com/socket-worker-6832eced.js gist.github.com/socket-worker-6832eced.js","x-github-request-id":"C1FA:2E26:3BDF14C:4A0D02E:60569CDE"}
[debug] [2021-03-21T01:09:51.563Z] >>> [apiv2][query] GET https://api.github.com/user [none]
[debug] [2021-03-21T01:09:52.169Z] <<< [apiv2][status] GET https://api.github.com/user 200
[debug] [2021-03-21T01:09:52.169Z] <<< [apiv2][body] GET https://api.github.com/user {"login":"marianomastronardi","id":40776619,"node_id":"MDQ6VXNlcjQwNzc2NjE5","avatar_url":"https://avatars.githubusercontent.com/u/40776619?v=4","gravatar_id":"","url":"https://api.github.com/users/marianomastronardi","html_url":"https://github.com/marianomastronardi","followers_url":"https://api.github.com/users/marianomastronardi/followers","following_url":"https://api.github.com/users/marianomastronardi/following{/other_user}","gists_url":"https://api.github.com/users/marianomastronardi/gists{/gist_id}","starred_url":"https://api.github.com/users/marianomastronardi/starred{/owner}{/repo}","subscriptions_url":"https://api.github.com/users/marianomastronardi/subscriptions","organizations_url":"https://api.github.com/users/marianomastronardi/orgs","repos_url":"https://api.github.com/users/marianomastronardi/repos","events_url":"https://api.github.com/users/marianomastronardi/events{/privacy}","received_events_url":"https://api.github.com/users/marianomastronardi/received_events","type":"User","site_admin":false,"name":null,"company":null,"blog":"","location":null,"email":null,"hireable":null,"bio":null,"twitter_username":null,"public_repos":30,"public_gists":0,"followers":13,"following":6,"created_at":"2018-07-02T21:49:11Z","updated_at":"2021-03-21T01:09:50Z","private_gists":0,"total_private_repos":0,"owned_private_repos":0,"disk_usage":55597,"collaborators":0,"two_factor_authentication":false,"plan":{"name":"free","space":976562499,"collaborators":0,"private_repos":10000}}
[info] 
[info] +  Success! Logged into GitHub as marianomastronardi 
[info] 
